12632 silly install printInstalled
12633 warn optional Skipping failed optional dependency /chokidar/fsevents:
12634 warn notsup Not compatible with your operating system or architecture: fsevents@1.0.14
12635 warn selenium-angular-crud@1.0.0 No repository field.
12636 warn selenium-angular-crud@1.0.0 No license field.
12637 verbose stack Error: Callback called more than once.
12637 verbose stack     at errorHandler (C:\Program Files\nodejs\node_modules\npm\lib\utils\error-handler.js:112:16)
12637 verbose stack     at C:\Program Files\nodejs\node_modules\npm\lib\install.js:306:7
12637 verbose stack     at LOOP (C:\Program Files\nodejs\node_modules\npm\node_modules\slide\lib\chain.js:7:26)
12637 verbose stack     at C:\Program Files\nodejs\node_modules\npm\node_modules\slide\lib\chain.js:18:7
12637 verbose stack     at C:\Program Files\nodejs\node_modules\npm\lib\install\and-ignore-errors.js:7:15
12637 verbose stack     at Function.ls.fromTree (C:\Program Files\nodejs\node_modules\npm\lib\ls.js:112:3)
12637 verbose stack     at C:\Program Files\nodejs\node_modules\npm\lib\install.js:690:8
12637 verbose stack     at C:\Program Files\nodejs\node_modules\npm\node_modules\iferr\index.js:13:50
12637 verbose stack     at C:\Program Files\nodejs\node_modules\npm\lib\install\deps.js:167:5
12637 verbose stack     at LOOP (C:\Program Files\nodejs\node_modules\npm\node_modules\slide\lib\chain.js:7:26)
12638 verbose cwd C:\code\books\dise-o_interfaces\material_adicional\capítulo6-Implementación de la usabilidad en la Web. Diseño amigable\Actividades de ampliación\Actividad ampliación final - Gulp
12639 error Windows_NT 10.0.10240
12640 error argv "C:\\Program Files\\nodejs\\node.exe" "C:\\Program Files\\nodejs\\node_modules\\npm\\bin\\npm-cli.js" "install" "--save" "gulp-angular-protractor"
12641 error node v6.5.0
12642 error npm  v3.10.3
12643 error Callback called more than once.
12644 error If you need help, you may report this error at:
12644 error     <https://github.com/npm/npm/issues>
12645 verbose exit [ 1, true ]
